<?xml version="1.0" encoding="UTF-8"?>
<coverage generated="1715920714127" clover="3.2.0">
  <project timestamp="1715920714127" name="All files">
    <metrics statements="57" coveredstatements="44" conditionals="30" coveredconditionals="16" methods="26" coveredmethods="21" elements="113" coveredelements="81" complexity="0" loc="57" ncloc="57" packages="1" files="1" classes="1"/>
    <file name="Calculator.jsx" path="/home/gustavo/Docs/progra/javascript/Calculadora-Vite/calculadora-vitest/src/Components/Calculator.jsx">
      <metrics statements="57" coveredstatements="44" conditionals="30" coveredconditionals="16" methods="26" coveredmethods="21"/>
      <line num="3" count="1" type="stmt"/>
      <line num="4" count="56" type="stmt"/>
      <line num="5" count="56" type="stmt"/>
      <line num="6" count="56" type="stmt"/>
      <line num="8" count="56" type="stmt"/>
      <line num="9" count="11" type="stmt"/>
      <line num="10" count="11" type="stmt"/>
      <line num="11" count="11" type="stmt"/>
      <line num="15" count="56" type="stmt"/>
      <line num="16" count="0" type="stmt"/>
      <line num="17" count="0" type="stmt"/>
      <line num="19" count="0" type="cond" truecount="0" falsecount="2"/>
      <line num="20" count="0" type="stmt"/>
      <line num="21" count="0" type="cond" truecount="0" falsecount="4"/>
      <line num="22" count="0" type="cond" truecount="0" falsecount="2"/>
      <line num="27" count="56" type="stmt"/>
      <line num="28" count="45" type="cond" truecount="2" falsecount="2"/>
      <line num="29" count="0" type="stmt"/>
      <line num="32" count="45" type="cond" truecount="2" falsecount="0"/>
      <line num="33" count="11" type="stmt"/>
      <line num="34" count="11" type="stmt"/>
      <line num="35" count="10" type="cond" truecount="1" falsecount="1"/>
      <line num="36" count="0" type="stmt"/>
      <line num="38" count="10" type="stmt"/>
      <line num="41" count="1" type="stmt"/>
      <line num="43" count="34" type="cond" truecount="2" falsecount="0"/>
      <line num="44" count="1" type="stmt"/>
      <line num="45" count="1" type="stmt"/>
      <line num="46" count="33" type="cond" truecount="2" falsecount="0"/>
      <line num="47" count="2" type="stmt"/>
      <line num="48" count="2" type="cond" truecount="1" falsecount="1"/>
      <line num="49" count="0" type="stmt"/>
      <line num="51" count="2" type="stmt"/>
      <line num="54" count="31" type="cond" truecount="2" falsecount="0"/>
      <line num="55" count="1" type="cond" truecount="3" falsecount="1"/>
      <line num="56" count="1" type="stmt"/>
      <line num="59" count="30" type="cond" truecount="1" falsecount="1"/>
      <line num="60" count="30" type="stmt"/>
      <line num="65" count="56" type="stmt"/>
      <line num="74" count="4" type="stmt"/>
      <line num="75" count="0" type="stmt"/>
      <line num="76" count="1" type="stmt"/>
      <line num="77" count="3" type="stmt"/>
      <line num="80" count="0" type="stmt"/>
      <line num="81" count="6" type="stmt"/>
      <line num="82" count="0" type="stmt"/>
      <line num="83" count="1" type="stmt"/>
      <line num="86" count="0" type="stmt"/>
      <line num="87" count="2" type="stmt"/>
      <line num="88" count="6" type="stmt"/>
      <line num="89" count="3" type="stmt"/>
      <line num="92" count="1" type="stmt"/>
      <line num="93" count="1" type="stmt"/>
      <line num="94" count="11" type="stmt"/>
      <line num="95" count="3" type="stmt"/>
      <line num="99" count="1" type="stmt"/>
      <line num="100" count="2" type="stmt"/>
    </file>
  </project>
</coverage>
