{"/home/gustavo/Docs/progra/javascript/Calculadora-Vite/calculadora-vitest/src/Components/Calculator.jsx": {"path":"/home/gustavo/Docs/progra/javascript/Calculadora-Vite/calculadora-vitest/src/Components/Calculator.jsx","statementMap":{"0":{"start":{"line":3,"column":19},"end":{"line":105,"column":1}},"1":{"start":{"line":4,"column":38},"end":{"line":4,"column":50}},"2":{"start":{"line":5,"column":30},"end":{"line":5,"column":42}},"3":{"start":{"line":6,"column":21},"end":{"line":6,"column":22}},"4":{"start":{"line":8,"column":2},"end":{"line":13,"column":8}},"5":{"start":{"line":9,"column":4},"end":{"line":9,"column":55}},"6":{"start":{"line":10,"column":4},"end":{"line":12,"column":5}},"7":{"start":{"line":11,"column":6},"end":{"line":11,"column":60}},"8":{"start":{"line":15,"column":24},"end":{"line":25,"column":3}},"9":{"start":{"line":16,"column":20},"end":{"line":16,"column":25}},"10":{"start":{"line":17,"column":24},"end":{"line":17,"column":126}},"11":{"start":{"line":19,"column":4},"end":{"line":24,"column":5}},"12":{"start":{"line":20,"column":6},"end":{"line":20,"column":28}},"13":{"start":{"line":21,"column":6},"end":{"line":23,"column":7}},"14":{"start":{"line":22,"column":8},"end":{"line":22,"column":48}},"15":{"start":{"line":27,"column":22},"end":{"line":63,"column":3}},"16":{"start":{"line":28,"column":4},"end":{"line":30,"column":5}},"17":{"start":{"line":29,"column":6},"end":{"line":29,"column":13}},"18":{"start":{"line":32,"column":4},"end":{"line":62,"column":5}},"19":{"start":{"line":33,"column":6},"end":{"line":42,"column":7}},"20":{"start":{"line":34,"column":25},"end":{"line":34,"column":41}},"21":{"start":{"line":35,"column":8},"end":{"line":39,"column":9}},"22":{"start":{"line":36,"column":10},"end":{"line":36,"column":31}},"23":{"start":{"line":38,"column":10},"end":{"line":38,"column":31}},"24":{"start":{"line":41,"column":8},"end":{"line":41,"column":26}},"25":{"start":{"line":43,"column":11},"end":{"line":62,"column":5}},"26":{"start":{"line":44,"column":6},"end":{"line":44,"column":23}},"27":{"start":{"line":45,"column":6},"end":{"line":45,"column":19}},"28":{"start":{"line":46,"column":11},"end":{"line":62,"column":5}},"29":{"start":{"line":47,"column":6},"end":{"line":53,"column":8}},"30":{"start":{"line":48,"column":8},"end":{"line":52,"column":9}},"31":{"start":{"line":49,"column":10},"end":{"line":49,"column":40}},"32":{"start":{"line":51,"column":10},"end":{"line":51,"column":37}},"33":{"start":{"line":54,"column":11},"end":{"line":62,"column":5}},"34":{"start":{"line":55,"column":6},"end":{"line":57,"column":7}},"35":{"start":{"line":56,"column":8},"end":{"line":56,"column":63}},"36":{"start":{"line":56,"column":40},"end":{"line":56,"column":62}},"37":{"start":{"line":59,"column":6},"end":{"line":61,"column":7}},"38":{"start":{"line":60,"column":8},"end":{"line":60,"column":63}},"39":{"start":{"line":60,"column":40},"end":{"line":60,"column":62}},"40":{"start":{"line":65,"column":2},"end":{"line":104,"column":3}},"41":{"start":{"line":74,"column":35},"end":{"line":74,"column":51}},"42":{"start":{"line":75,"column":35},"end":{"line":75,"column":51}},"43":{"start":{"line":76,"column":35},"end":{"line":76,"column":51}},"44":{"start":{"line":77,"column":35},"end":{"line":77,"column":51}},"45":{"start":{"line":80,"column":35},"end":{"line":80,"column":51}},"46":{"start":{"line":81,"column":35},"end":{"line":81,"column":51}},"47":{"start":{"line":82,"column":35},"end":{"line":82,"column":51}},"48":{"start":{"line":83,"column":35},"end":{"line":83,"column":51}},"49":{"start":{"line":86,"column":35},"end":{"line":86,"column":51}},"50":{"start":{"line":87,"column":35},"end":{"line":87,"column":51}},"51":{"start":{"line":88,"column":35},"end":{"line":88,"column":51}},"52":{"start":{"line":89,"column":35},"end":{"line":89,"column":51}},"53":{"start":{"line":92,"column":35},"end":{"line":92,"column":51}},"54":{"start":{"line":93,"column":35},"end":{"line":93,"column":51}},"55":{"start":{"line":94,"column":35},"end":{"line":94,"column":51}},"56":{"start":{"line":95,"column":35},"end":{"line":95,"column":51}},"57":{"start":{"line":99,"column":33},"end":{"line":99,"column":49}},"58":{"start":{"line":100,"column":33},"end":{"line":100,"column":51}}},"fnMap":{"0":{"name":"(anonymous_0)","decl":{"start":{"line":3,"column":19},"end":{"line":3,"column":20}},"loc":{"start":{"line":3,"column":25},"end":{"line":105,"column":1}},"line":3},"1":{"name":"(anonymous_1)","decl":{"start":{"line":8,"column":12},"end":{"line":8,"column":13}},"loc":{"start":{"line":8,"column":18},"end":{"line":13,"column":3}},"line":8},"2":{"name":"(anonymous_2)","decl":{"start":{"line":10,"column":11},"end":{"line":10,"column":12}},"loc":{"start":{"line":10,"column":17},"end":{"line":12,"column":5}},"line":10},"3":{"name":"(anonymous_3)","decl":{"start":{"line":15,"column":24},"end":{"line":15,"column":25}},"loc":{"start":{"line":15,"column":35},"end":{"line":25,"column":3}},"line":15},"4":{"name":"(anonymous_4)","decl":{"start":{"line":27,"column":22},"end":{"line":27,"column":23}},"loc":{"start":{"line":27,"column":33},"end":{"line":63,"column":3}},"line":27},"5":{"name":"(anonymous_5)","decl":{"start":{"line":47,"column":20},"end":{"line":47,"column":21}},"loc":{"start":{"line":47,"column":38},"end":{"line":53,"column":7}},"line":47},"6":{"name":"(anonymous_6)","decl":{"start":{"line":56,"column":22},"end":{"line":56,"column":23}},"loc":{"start":{"line":56,"column":40},"end":{"line":56,"column":62}},"line":56},"7":{"name":"(anonymous_7)","decl":{"start":{"line":60,"column":22},"end":{"line":60,"column":23}},"loc":{"start":{"line":60,"column":40},"end":{"line":60,"column":62}},"line":60},"8":{"name":"(anonymous_8)","decl":{"start":{"line":74,"column":29},"end":{"line":74,"column":30}},"loc":{"start":{"line":74,"column":35},"end":{"line":74,"column":51}},"line":74},"9":{"name":"(anonymous_9)","decl":{"start":{"line":75,"column":29},"end":{"line":75,"column":30}},"loc":{"start":{"line":75,"column":35},"end":{"line":75,"column":51}},"line":75},"10":{"name":"(anonymous_10)","decl":{"start":{"line":76,"column":29},"end":{"line":76,"column":30}},"loc":{"start":{"line":76,"column":35},"end":{"line":76,"column":51}},"line":76},"11":{"name":"(anonymous_11)","decl":{"start":{"line":77,"column":29},"end":{"line":77,"column":30}},"loc":{"start":{"line":77,"column":35},"end":{"line":77,"column":51}},"line":77},"12":{"name":"(anonymous_12)","decl":{"start":{"line":80,"column":29},"end":{"line":80,"column":30}},"loc":{"start":{"line":80,"column":35},"end":{"line":80,"column":51}},"line":80},"13":{"name":"(anonymous_13)","decl":{"start":{"line":81,"column":29},"end":{"line":81,"column":30}},"loc":{"start":{"line":81,"column":35},"end":{"line":81,"column":51}},"line":81},"14":{"name":"(anonymous_14)","decl":{"start":{"line":82,"column":29},"end":{"line":82,"column":30}},"loc":{"start":{"line":82,"column":35},"end":{"line":82,"column":51}},"line":82},"15":{"name":"(anonymous_15)","decl":{"start":{"line":83,"column":29},"end":{"line":83,"column":30}},"loc":{"start":{"line":83,"column":35},"end":{"line":83,"column":51}},"line":83},"16":{"name":"(anonymous_16)","decl":{"start":{"line":86,"column":29},"end":{"line":86,"column":30}},"loc":{"start":{"line":86,"column":35},"end":{"line":86,"column":51}},"line":86},"17":{"name":"(anonymous_17)","decl":{"start":{"line":87,"column":29},"end":{"line":87,"column":30}},"loc":{"start":{"line":87,"column":35},"end":{"line":87,"column":51}},"line":87},"18":{"name":"(anonymous_18)","decl":{"start":{"line":88,"column":29},"end":{"line":88,"column":30}},"loc":{"start":{"line":88,"column":35},"end":{"line":88,"column":51}},"line":88},"19":{"name":"(anonymous_19)","decl":{"start":{"line":89,"column":29},"end":{"line":89,"column":30}},"loc":{"start":{"line":89,"column":35},"end":{"line":89,"column":51}},"line":89},"20":{"name":"(anonymous_20)","decl":{"start":{"line":92,"column":29},"end":{"line":92,"column":30}},"loc":{"start":{"line":92,"column":35},"end":{"line":92,"column":51}},"line":92},"21":{"name":"(anonymous_21)","decl":{"start":{"line":93,"column":29},"end":{"line":93,"column":30}},"loc":{"start":{"line":93,"column":35},"end":{"line":93,"column":51}},"line":93},"22":{"name":"(anonymous_22)","decl":{"start":{"line":94,"column":29},"end":{"line":94,"column":30}},"loc":{"start":{"line":94,"column":35},"end":{"line":94,"column":51}},"line":94},"23":{"name":"(anonymous_23)","decl":{"start":{"line":95,"column":29},"end":{"line":95,"column":30}},"loc":{"start":{"line":95,"column":35},"end":{"line":95,"column":51}},"line":95},"24":{"name":"(anonymous_24)","decl":{"start":{"line":99,"column":27},"end":{"line":99,"column":28}},"loc":{"start":{"line":99,"column":33},"end":{"line":99,"column":49}},"line":99},"25":{"name":"(anonymous_25)","decl":{"start":{"line":100,"column":27},"end":{"line":100,"column":28}},"loc":{"start":{"line":100,"column":33},"end":{"line":100,"column":51}},"line":100}},"branchMap":{"0":{"loc":{"start":{"line":19,"column":4},"end":{"line":24,"column":5}},"type":"if","locations":[{"start":{"line":19,"column":4},"end":{"line":24,"column":5}},{"start":{},"end":{}}],"line":19},"1":{"loc":{"start":{"line":21,"column":6},"end":{"line":23,"column":7}},"type":"if","locations":[{"start":{"line":21,"column":6},"end":{"line":23,"column":7}},{"start":{},"end":{}}],"line":21},"2":{"loc":{"start":{"line":21,"column":10},"end":{"line":21,"column":63}},"type":"binary-expr","locations":[{"start":{"line":21,"column":10},"end":{"line":21,"column":40}},{"start":{"line":21,"column":44},"end":{"line":21,"column":63}}],"line":21},"3":{"loc":{"start":{"line":22,"column":20},"end":{"line":22,"column":47}},"type":"cond-expr","locations":[{"start":{"line":22,"column":38},"end":{"line":22,"column":41}},{"start":{"line":22,"column":44},"end":{"line":22,"column":47}}],"line":22},"4":{"loc":{"start":{"line":28,"column":4},"end":{"line":30,"column":5}},"type":"if","locations":[{"start":{"line":28,"column":4},"end":{"line":30,"column":5}},{"start":{},"end":{}}],"line":28},"5":{"loc":{"start":{"line":28,"column":8},"end":{"line":28,"column":56}},"type":"binary-expr","locations":[{"start":{"line":28,"column":8},"end":{"line":28,"column":39}},{"start":{"line":28,"column":43},"end":{"line":28,"column":56}}],"line":28},"6":{"loc":{"start":{"line":32,"column":4},"end":{"line":62,"column":5}},"type":"if","locations":[{"start":{"line":32,"column":4},"end":{"line":62,"column":5}},{"start":{"line":43,"column":11},"end":{"line":62,"column":5}}],"line":32},"7":{"loc":{"start":{"line":35,"column":8},"end":{"line":39,"column":9}},"type":"if","locations":[{"start":{"line":35,"column":8},"end":{"line":39,"column":9}},{"start":{"line":37,"column":15},"end":{"line":39,"column":9}}],"line":35},"8":{"loc":{"start":{"line":43,"column":11},"end":{"line":62,"column":5}},"type":"if","locations":[{"start":{"line":43,"column":11},"end":{"line":62,"column":5}},{"start":{"line":46,"column":11},"end":{"line":62,"column":5}}],"line":43},"9":{"loc":{"start":{"line":46,"column":11},"end":{"line":62,"column":5}},"type":"if","locations":[{"start":{"line":46,"column":11},"end":{"line":62,"column":5}},{"start":{"line":54,"column":11},"end":{"line":62,"column":5}}],"line":46},"10":{"loc":{"start":{"line":48,"column":8},"end":{"line":52,"column":9}},"type":"if","locations":[{"start":{"line":48,"column":8},"end":{"line":52,"column":9}},{"start":{"line":50,"column":15},"end":{"line":52,"column":9}}],"line":48},"11":{"loc":{"start":{"line":54,"column":11},"end":{"line":62,"column":5}},"type":"if","locations":[{"start":{"line":54,"column":11},"end":{"line":62,"column":5}},{"start":{"line":58,"column":11},"end":{"line":62,"column":5}}],"line":54},"12":{"loc":{"start":{"line":55,"column":6},"end":{"line":57,"column":7}},"type":"if","locations":[{"start":{"line":55,"column":6},"end":{"line":57,"column":7}},{"start":{},"end":{}}],"line":55},"13":{"loc":{"start":{"line":55,"column":10},"end":{"line":55,"column":69}},"type":"binary-expr","locations":[{"start":{"line":55,"column":10},"end":{"line":55,"column":35}},{"start":{"line":55,"column":39},"end":{"line":55,"column":69}}],"line":55},"14":{"loc":{"start":{"line":59,"column":6},"end":{"line":61,"column":7}},"type":"if","locations":[{"start":{"line":59,"column":6},"end":{"line":61,"column":7}},{"start":{},"end":{}}],"line":59}},"s":{"0":1,"1":56,"2":56,"3":56,"4":56,"5":11,"6":11,"7":11,"8":56,"9":0,"10":0,"11":0,"12":0,"13":0,"14":0,"15":56,"16":45,"17":0,"18":45,"19":11,"20":11,"21":10,"22":0,"23":10,"24":1,"25":34,"26":1,"27":1,"28":33,"29":2,"30":2,"31":0,"32":2,"33":31,"34":1,"35":1,"36":1,"37":30,"38":30,"39":30,"40":56,"41":4,"42":0,"43":1,"44":3,"45":0,"46":6,"47":0,"48":1,"49":0,"50":2,"51":6,"52":3,"53":1,"54":1,"55":11,"56":3,"57":1,"58":2},"f":{"0":56,"1":11,"2":11,"3":0,"4":45,"5":2,"6":1,"7":30,"8":4,"9":0,"10":1,"11":3,"12":0,"13":6,"14":0,"15":1,"16":0,"17":2,"18":6,"19":3,"20":1,"21":1,"22":11,"23":3,"24":1,"25":2},"b":{"0":[0,0],"1":[0,0],"2":[0,0],"3":[0,0],"4":[0,45],"5":[45,0],"6":[11,34],"7":[0,10],"8":[1,33],"9":[2,31],"10":[0,2],"11":[1,30],"12":[1,0],"13":[1,1],"14":[30,0]},"_coverageSchema":"1a1c01bbd47fc00a2c39e90264f33305004495a9","hash":"509b945b50bf879d4b9a6d7c3b636dafdcc6aba0"}
}
