TN:
SF:src/Components/Calculator.jsx
FN:3,(anonymous_0)
FN:8,(anonymous_1)
FN:10,(anonymous_2)
FN:15,(anonymous_3)
FN:27,(anonymous_4)
FN:47,(anonymous_5)
FN:56,(anonymous_6)
FN:60,(anonymous_7)
FN:74,(anonymous_8)
FN:75,(anonymous_9)
FN:76,(anonymous_10)
FN:77,(anonymous_11)
FN:80,(anonymous_12)
FN:81,(anonymous_13)
FN:82,(anonymous_14)
FN:83,(anonymous_15)
FN:86,(anonymous_16)
FN:87,(anonymous_17)
FN:88,(anonymous_18)
FN:89,(anonymous_19)
FN:92,(anonymous_20)
FN:93,(anonymous_21)
FN:94,(anonymous_22)
FN:95,(anonymous_23)
FN:99,(anonymous_24)
FN:100,(anonymous_25)
FNF:26
FNH:21
FNDA:56,(anonymous_0)
FNDA:11,(anonymous_1)
FNDA:11,(anonymous_2)
FNDA:0,(anonymous_3)
FNDA:45,(anonymous_4)
FNDA:2,(anonymous_5)
FNDA:1,(anonymous_6)
FNDA:30,(anonymous_7)
FNDA:4,(anonymous_8)
FNDA:0,(anonymous_9)
FNDA:1,(anonymous_10)
FNDA:3,(anonymous_11)
FNDA:0,(anonymous_12)
FNDA:6,(anonymous_13)
FNDA:0,(anonymous_14)
FNDA:1,(anonymous_15)
FNDA:0,(anonymous_16)
FNDA:2,(anonymous_17)
FNDA:6,(anonymous_18)
FNDA:3,(anonymous_19)
FNDA:1,(anonymous_20)
FNDA:1,(anonymous_21)
FNDA:11,(anonymous_22)
FNDA:3,(anonymous_23)
FNDA:1,(anonymous_24)
FNDA:2,(anonymous_25)
DA:3,1
DA:4,56
DA:5,56
DA:6,56
DA:8,56
DA:9,11
DA:10,11
DA:11,11
DA:15,56
DA:16,0
DA:17,0
DA:19,0
DA:20,0
DA:21,0
DA:22,0
DA:27,56
DA:28,45
DA:29,0
DA:32,45
DA:33,11
DA:34,11
DA:35,10
DA:36,0
DA:38,10
DA:41,1
DA:43,34
DA:44,1
DA:45,1
DA:46,33
DA:47,2
DA:48,2
DA:49,0
DA:51,2
DA:54,31
DA:55,1
DA:56,1
DA:59,30
DA:60,30
DA:65,56
DA:74,4
DA:75,0
DA:76,1
DA:77,3
DA:80,0
DA:81,6
DA:82,0
DA:83,1
DA:86,0
DA:87,2
DA:88,6
DA:89,3
DA:92,1
DA:93,1
DA:94,11
DA:95,3
DA:99,1
DA:100,2
LF:57
LH:44
BRDA:19,0,0,0
BRDA:19,0,1,0
BRDA:21,1,0,0
BRDA:21,1,1,0
BRDA:21,2,0,0
BRDA:21,2,1,0
BRDA:22,3,0,0
BRDA:22,3,1,0
BRDA:28,4,0,0
BRDA:28,4,1,45
BRDA:28,5,0,45
BRDA:28,5,1,0
BRDA:32,6,0,11
BRDA:32,6,1,34
BRDA:35,7,0,0
BRDA:35,7,1,10
BRDA:43,8,0,1
BRDA:43,8,1,33
BRDA:46,9,0,2
BRDA:46,9,1,31
BRDA:48,10,0,0
BRDA:48,10,1,2
BRDA:54,11,0,1
BRDA:54,11,1,30
BRDA:55,12,0,1
BRDA:55,12,1,0
BRDA:55,13,0,1
BRDA:55,13,1,1
BRDA:59,14,0,30
BRDA:59,14,1,0
BRF:30
BRH:16
end_of_record
